<?xml version="1.0" encoding="UTF-8"?>
<!-- Generated by org.testng.reporters.JUnitReportReporter -->
<testsuite hostname="NYCD5042" name="com.bn.model.WalmartLoginModel" tests="1" failures="0" timestamp="10 Aug 2016 19:19:02 GMT" time="12.979" errors="0">
  <testcase name="appTest" time="12.979" classname="com.bn.model.WalmartLoginModel"/>
</testsuite> <!-- com.bn.model.WalmartLoginModel -->
